
R version 3.0.2 (2013-09-25) -- "Frisbee Sailing"
Copyright (C) 2013 The R Foundation for Statistical Computing
Platform: x86_64-unknown-linux-gnu (64-bit)

R is free software and comes with ABSOLUTELY NO WARRANTY.
You are welcome to redistribute it under certain conditions.
Type 'license()' or 'licence()' for distribution details.

  Natural language support but running in an English locale

R is a collaborative project with many contributors.
Type 'contributors()' for more information and
'citation()' on how to cite R or R packages in publications.

Type 'demo()' for some demos, 'help()' for on-line help, or
'help.start()' for an HTML browser interface to help.
Type 'q()' to quit R.

> source("msnet_simu_fun.R")
> 
> 
> cl=makeCluster(30)
> clusterEvalQ(cl,{library(Matrix);source("senet.R")})
[[1]]
[[1]]$value
function (t, px) 
{
    (floor(0.2 * px) < t && t < floor(0.4 * px)) * ((-1) * (floor(0.3 * 
        px) - t)^2 + px)/(2 * px) + (floor(0.6 * px) < t && t < 
        floor(0.8 * px)) * ((floor(0.7 * px) - t)^2 - px)/(2 * 
        px)
}

[[1]]$visible
[1] FALSE


[[2]]
[[2]]$value
function (t, px) 
{
    (floor(0.2 * px) < t && t < floor(0.4 * px)) * ((-1) * (floor(0.3 * 
        px) - t)^2 + px)/(2 * px) + (floor(0.6 * px) < t && t < 
        floor(0.8 * px)) * ((floor(0.7 * px) - t)^2 - px)/(2 * 
        px)
}

[[2]]$visible
[1] FALSE


[[3]]
[[3]]$value
function (t, px) 
{
    (floor(0.2 * px) < t && t < floor(0.4 * px)) * ((-1) * (floor(0.3 * 
        px) - t)^2 + px)/(2 * px) + (floor(0.6 * px) < t && t < 
        floor(0.8 * px)) * ((floor(0.7 * px) - t)^2 - px)/(2 * 
        px)
}

[[3]]$visible
[1] FALSE


[[4]]
[[4]]$value
function (t, px) 
{
    (floor(0.2 * px) < t && t < floor(0.4 * px)) * ((-1) * (floor(0.3 * 
        px) - t)^2 + px)/(2 * px) + (floor(0.6 * px) < t && t < 
        floor(0.8 * px)) * ((floor(0.7 * px) - t)^2 - px)/(2 * 
        px)
}

[[4]]$visible
[1] FALSE


[[5]]
[[5]]$value
function (t, px) 
{
    (floor(0.2 * px) < t && t < floor(0.4 * px)) * ((-1) * (floor(0.3 * 
        px) - t)^2 + px)/(2 * px) + (floor(0.6 * px) < t && t < 
        floor(0.8 * px)) * ((floor(0.7 * px) - t)^2 - px)/(2 * 
        px)
}

[[5]]$visible
[1] FALSE


[[6]]
[[6]]$value
function (t, px) 
{
    (floor(0.2 * px) < t && t < floor(0.4 * px)) * ((-1) * (floor(0.3 * 
        px) - t)^2 + px)/(2 * px) + (floor(0.6 * px) < t && t < 
        floor(0.8 * px)) * ((floor(0.7 * px) - t)^2 - px)/(2 * 
        px)
}

[[6]]$visible
[1] FALSE


[[7]]
[[7]]$value
function (t, px) 
{
    (floor(0.2 * px) < t && t < floor(0.4 * px)) * ((-1) * (floor(0.3 * 
        px) - t)^2 + px)/(2 * px) + (floor(0.6 * px) < t && t < 
        floor(0.8 * px)) * ((floor(0.7 * px) - t)^2 - px)/(2 * 
        px)
}

[[7]]$visible
[1] FALSE


[[8]]
[[8]]$value
function (t, px) 
{
    (floor(0.2 * px) < t && t < floor(0.4 * px)) * ((-1) * (floor(0.3 * 
        px) - t)^2 + px)/(2 * px) + (floor(0.6 * px) < t && t < 
        floor(0.8 * px)) * ((floor(0.7 * px) - t)^2 - px)/(2 * 
        px)
}

[[8]]$visible
[1] FALSE


[[9]]
[[9]]$value
function (t, px) 
{
    (floor(0.2 * px) < t && t < floor(0.4 * px)) * ((-1) * (floor(0.3 * 
        px) - t)^2 + px)/(2 * px) + (floor(0.6 * px) < t && t < 
        floor(0.8 * px)) * ((floor(0.7 * px) - t)^2 - px)/(2 * 
        px)
}

[[9]]$visible
[1] FALSE


[[10]]
[[10]]$value
function (t, px) 
{
    (floor(0.2 * px) < t && t < floor(0.4 * px)) * ((-1) * (floor(0.3 * 
        px) - t)^2 + px)/(2 * px) + (floor(0.6 * px) < t && t < 
        floor(0.8 * px)) * ((floor(0.7 * px) - t)^2 - px)/(2 * 
        px)
}

[[10]]$visible
[1] FALSE


[[11]]
[[11]]$value
function (t, px) 
{
    (floor(0.2 * px) < t && t < floor(0.4 * px)) * ((-1) * (floor(0.3 * 
        px) - t)^2 + px)/(2 * px) + (floor(0.6 * px) < t && t < 
        floor(0.8 * px)) * ((floor(0.7 * px) - t)^2 - px)/(2 * 
        px)
}

[[11]]$visible
[1] FALSE


[[12]]
[[12]]$value
function (t, px) 
{
    (floor(0.2 * px) < t && t < floor(0.4 * px)) * ((-1) * (floor(0.3 * 
        px) - t)^2 + px)/(2 * px) + (floor(0.6 * px) < t && t < 
        floor(0.8 * px)) * ((floor(0.7 * px) - t)^2 - px)/(2 * 
        px)
}

[[12]]$visible
[1] FALSE


[[13]]
[[13]]$value
function (t, px) 
{
    (floor(0.2 * px) < t && t < floor(0.4 * px)) * ((-1) * (floor(0.3 * 
        px) - t)^2 + px)/(2 * px) + (floor(0.6 * px) < t && t < 
        floor(0.8 * px)) * ((floor(0.7 * px) - t)^2 - px)/(2 * 
        px)
}

[[13]]$visible
[1] FALSE


[[14]]
[[14]]$value
function (t, px) 
{
    (floor(0.2 * px) < t && t < floor(0.4 * px)) * ((-1) * (floor(0.3 * 
        px) - t)^2 + px)/(2 * px) + (floor(0.6 * px) < t && t < 
        floor(0.8 * px)) * ((floor(0.7 * px) - t)^2 - px)/(2 * 
        px)
}

[[14]]$visible
[1] FALSE


[[15]]
[[15]]$value
function (t, px) 
{
    (floor(0.2 * px) < t && t < floor(0.4 * px)) * ((-1) * (floor(0.3 * 
        px) - t)^2 + px)/(2 * px) + (floor(0.6 * px) < t && t < 
        floor(0.8 * px)) * ((floor(0.7 * px) - t)^2 - px)/(2 * 
        px)
}

[[15]]$visible
[1] FALSE


[[16]]
[[16]]$value
function (t, px) 
{
    (floor(0.2 * px) < t && t < floor(0.4 * px)) * ((-1) * (floor(0.3 * 
        px) - t)^2 + px)/(2 * px) + (floor(0.6 * px) < t && t < 
        floor(0.8 * px)) * ((floor(0.7 * px) - t)^2 - px)/(2 * 
        px)
}

[[16]]$visible
[1] FALSE


[[17]]
[[17]]$value
function (t, px) 
{
    (floor(0.2 * px) < t && t < floor(0.4 * px)) * ((-1) * (floor(0.3 * 
        px) - t)^2 + px)/(2 * px) + (floor(0.6 * px) < t && t < 
        floor(0.8 * px)) * ((floor(0.7 * px) - t)^2 - px)/(2 * 
        px)
}

[[17]]$visible
[1] FALSE


[[18]]
[[18]]$value
function (t, px) 
{
    (floor(0.2 * px) < t && t < floor(0.4 * px)) * ((-1) * (floor(0.3 * 
        px) - t)^2 + px)/(2 * px) + (floor(0.6 * px) < t && t < 
        floor(0.8 * px)) * ((floor(0.7 * px) - t)^2 - px)/(2 * 
        px)
}

[[18]]$visible
[1] FALSE


[[19]]
[[19]]$value
function (t, px) 
{
    (floor(0.2 * px) < t && t < floor(0.4 * px)) * ((-1) * (floor(0.3 * 
        px) - t)^2 + px)/(2 * px) + (floor(0.6 * px) < t && t < 
        floor(0.8 * px)) * ((floor(0.7 * px) - t)^2 - px)/(2 * 
        px)
}

[[19]]$visible
[1] FALSE


[[20]]
[[20]]$value
function (t, px) 
{
    (floor(0.2 * px) < t && t < floor(0.4 * px)) * ((-1) * (floor(0.3 * 
        px) - t)^2 + px)/(2 * px) + (floor(0.6 * px) < t && t < 
        floor(0.8 * px)) * ((floor(0.7 * px) - t)^2 - px)/(2 * 
        px)
}

[[20]]$visible
[1] FALSE


[[21]]
[[21]]$value
function (t, px) 
{
    (floor(0.2 * px) < t && t < floor(0.4 * px)) * ((-1) * (floor(0.3 * 
        px) - t)^2 + px)/(2 * px) + (floor(0.6 * px) < t && t < 
        floor(0.8 * px)) * ((floor(0.7 * px) - t)^2 - px)/(2 * 
        px)
}

[[21]]$visible
[1] FALSE


[[22]]
[[22]]$value
function (t, px) 
{
    (floor(0.2 * px) < t && t < floor(0.4 * px)) * ((-1) * (floor(0.3 * 
        px) - t)^2 + px)/(2 * px) + (floor(0.6 * px) < t && t < 
        floor(0.8 * px)) * ((floor(0.7 * px) - t)^2 - px)/(2 * 
        px)
}

[[22]]$visible
[1] FALSE


[[23]]
[[23]]$value
function (t, px) 
{
    (floor(0.2 * px) < t && t < floor(0.4 * px)) * ((-1) * (floor(0.3 * 
        px) - t)^2 + px)/(2 * px) + (floor(0.6 * px) < t && t < 
        floor(0.8 * px)) * ((floor(0.7 * px) - t)^2 - px)/(2 * 
        px)
}

[[23]]$visible
[1] FALSE


[[24]]
[[24]]$value
function (t, px) 
{
    (floor(0.2 * px) < t && t < floor(0.4 * px)) * ((-1) * (floor(0.3 * 
        px) - t)^2 + px)/(2 * px) + (floor(0.6 * px) < t && t < 
        floor(0.8 * px)) * ((floor(0.7 * px) - t)^2 - px)/(2 * 
        px)
}

[[24]]$visible
[1] FALSE


[[25]]
[[25]]$value
function (t, px) 
{
    (floor(0.2 * px) < t && t < floor(0.4 * px)) * ((-1) * (floor(0.3 * 
        px) - t)^2 + px)/(2 * px) + (floor(0.6 * px) < t && t < 
        floor(0.8 * px)) * ((floor(0.7 * px) - t)^2 - px)/(2 * 
        px)
}

[[25]]$visible
[1] FALSE


[[26]]
[[26]]$value
function (t, px) 
{
    (floor(0.2 * px) < t && t < floor(0.4 * px)) * ((-1) * (floor(0.3 * 
        px) - t)^2 + px)/(2 * px) + (floor(0.6 * px) < t && t < 
        floor(0.8 * px)) * ((floor(0.7 * px) - t)^2 - px)/(2 * 
        px)
}

[[26]]$visible
[1] FALSE


[[27]]
[[27]]$value
function (t, px) 
{
    (floor(0.2 * px) < t && t < floor(0.4 * px)) * ((-1) * (floor(0.3 * 
        px) - t)^2 + px)/(2 * px) + (floor(0.6 * px) < t && t < 
        floor(0.8 * px)) * ((floor(0.7 * px) - t)^2 - px)/(2 * 
        px)
}

[[27]]$visible
[1] FALSE


[[28]]
[[28]]$value
function (t, px) 
{
    (floor(0.2 * px) < t && t < floor(0.4 * px)) * ((-1) * (floor(0.3 * 
        px) - t)^2 + px)/(2 * px) + (floor(0.6 * px) < t && t < 
        floor(0.8 * px)) * ((floor(0.7 * px) - t)^2 - px)/(2 * 
        px)
}

[[28]]$visible
[1] FALSE


[[29]]
[[29]]$value
function (t, px) 
{
    (floor(0.2 * px) < t && t < floor(0.4 * px)) * ((-1) * (floor(0.3 * 
        px) - t)^2 + px)/(2 * px) + (floor(0.6 * px) < t && t < 
        floor(0.8 * px)) * ((floor(0.7 * px) - t)^2 - px)/(2 * 
        px)
}

[[29]]$visible
[1] FALSE


[[30]]
[[30]]$value
function (t, px) 
{
    (floor(0.2 * px) < t && t < floor(0.4 * px)) * ((-1) * (floor(0.3 * 
        px) - t)^2 + px)/(2 * px) + (floor(0.6 * px) < t && t < 
        floor(0.8 * px)) * ((floor(0.7 * px) - t)^2 - px)/(2 * 
        px)
}

[[30]]$visible
[1] FALSE


> clusterExport(cl,c("paras","betastar","ctr","P","GL","Lambda","Lambda2","Lambda3","df")) #clusterCall(cl,print,a+b)
> clusterApplyLB(cl, 1:nrow(df), simu, T, paras,ctr,betastar,Lambda2,"fixed",T,df,"2")
